State 26 conflicts: 7 shift/reduce


Grammar

    0 $accept: start $end

    1 start: exp

    2 exp: exp '?' exp ':' exp
    3    | exp '|' exp
    4    | exp '&' exp
    5    | exp EQUOP2 exp
    6    | exp CMPOP2 exp
    7    | exp ADDOP2 exp
    8    | exp MULOP2 exp
    9    | '!' exp
   10    | 'n'
   11    | NUMBER
   12    | '(' exp ')'


Terminals, with rules where they appear

$end (0) 0
'!' (33) 9
'&' (38) 4
'(' (40) 12
')' (41) 12
':' (58) 2
'?' (63) 2
'n' (110) 10
'|' (124) 3
error (256)
EQUOP2 (258) 5
CMPOP2 (259) 6
ADDOP2 (260) 7
MULOP2 (261) 8
NUMBER (262) 11


Nonterminals, with rules where they appear

$accept (16)
    on left: 0
start (17)
    on left: 1, on right: 0
exp (18)
    on left: 2 3 4 5 6 7 8 9 10 11 12, on right: 1 2 3 4 5 6 7 8 9
    12


State 0

    0 $accept: . start $end

    '!'     shift, and go to state 1
    NUMBER  shift, and go to state 2
    'n'     shift, and go to state 3
    '('     shift, and go to state 4

    start  go to state 5
    exp    go to state 6


State 1

    9 exp: '!' . exp

    '!'     shift, and go to state 1
    NUMBER  shift, and go to state 2
    'n'     shift, and go to state 3
    '('     shift, and go to state 4

    exp  go to state 7


State 2

   11 exp: NUMBER .

    $default  reduce using rule 11 (exp)


State 3

   10 exp: 'n' .

    $default  reduce using rule 10 (exp)


State 4

   12 exp: '(' . exp ')'

    '!'     shift, and go to state 1
    NUMBER  shift, and go to state 2
    'n'     shift, and go to state 3
    '('     shift, and go to state 4

    exp  go to state 8


State 5

    0 $accept: start . $end

    $end  shift, and go to state 9


State 6

    1 start: exp .
    2 exp: exp . '?' exp ':' exp
    3    | exp . '|' exp
    4    | exp . '&' exp
    5    | exp . EQUOP2 exp
    6    | exp . CMPOP2 exp
    7    | exp . ADDOP2 exp
    8    | exp . MULOP2 exp

    '?'     shift, and go to state 10
    '|'     shift, and go to state 11
    '&'     shift, and go to state 12
    EQUOP2  shift, and go to state 13
    CMPOP2  shift, and go to state 14
    ADDOP2  shift, and go to state 15
    MULOP2  shift, and go to state 16

    $default  reduce using rule 1 (start)


State 7

    2 exp: exp . '?' exp ':' exp
    3    | exp . '|' exp
    4    | exp . '&' exp
    5    | exp . EQUOP2 exp
    6    | exp . CMPOP2 exp
    7    | exp . ADDOP2 exp
    8    | exp . MULOP2 exp
    9    | '!' exp .

    $default  reduce using rule 9 (exp)


State 8

    2 exp: exp . '?' exp ':' exp
    3    | exp . '|' exp
    4    | exp . '&' exp
    5    | exp . EQUOP2 exp
    6    | exp . CMPOP2 exp
    7    | exp . ADDOP2 exp
    8    | exp . MULOP2 exp
   12    | '(' exp . ')'

    '?'     shift, and go to state 10
    '|'     shift, and go to state 11
    '&'     shift, and go to state 12
    EQUOP2  shift, and go to state 13
    CMPOP2  shift, and go to state 14
    ADDOP2  shift, and go to state 15
    MULOP2  shift, and go to state 16
    ')'     shift, and go to state 17


State 9

    0 $accept: start $end .

    $default  accept


State 10

    2 exp: exp '?' . exp ':' exp

    '!'     shift, and go to state 1
    NUMBER  shift, and go to state 2
    'n'     shift, and go to state 3
    '('     shift, and go to state 4

    exp  go to state 18


State 11

    3 exp: exp '|' . exp

    '!'     shift, and go to state 1
    NUMBER  shift, and go to state 2
    'n'     shift, and go to state 3
    '('     shift, and go to state 4

    exp  go to state 19


State 12

    4 exp: exp '&' . exp

    '!'     shift, and go to state 1
    NUMBER  shift, and go to state 2
    'n'     shift, and go to state 3
    '('     shift, and go to state 4

    exp  go to state 20


State 13

    5 exp: exp EQUOP2 . exp

    '!'     shift, and go to state 1
    NUMBER  shift, and go to state 2
    'n'     shift, and go to state 3
    '('     shift, and go to state 4

    exp  go to state 21


State 14

    6 exp: exp CMPOP2 . exp

    '!'     shift, and go to state 1
    NUMBER  shift, and go to state 2
    'n'     shift, and go to state 3
    '('     shift, and go to state 4

    exp  go to state 22


State 15

    7 exp: exp ADDOP2 . exp

    '!'     shift, and go to state 1
    NUMBER  shift, and go to state 2
    'n'     shift, and go to state 3
    '('     shift, and go to state 4

    exp  go to state 23


State 16

    8 exp: exp MULOP2 . exp

    '!'     shift, and go to state 1
    NUMBER  shift, and go to state 2
    'n'     shift, and go to state 3
    '('     shift, and go to state 4

    exp  go to state 24


State 17

   12 exp: '(' exp ')' .

    $default  reduce using rule 12 (exp)


State 18

    2 exp: exp . '?' exp ':' exp
    2    | exp '?' exp . ':' exp
    3    | exp . '|' exp
    4    | exp . '&' exp
    5    | exp . EQUOP2 exp
    6    | exp . CMPOP2 exp
    7    | exp . ADDOP2 exp
    8    | exp . MULOP2 exp

    '?'     shift, and go to state 10
    '|'     shift, and go to state 11
    '&'     shift, and go to state 12
    EQUOP2  shift, and go to state 13
    CMPOP2  shift, and go to state 14
    ADDOP2  shift, and go to state 15
    MULOP2  shift, and go to state 16
    ':'     shift, and go to state 25


State 19

    2 exp: exp . '?' exp ':' exp
    3    | exp . '|' exp
    3    | exp '|' exp .
    4    | exp . '&' exp
    5    | exp . EQUOP2 exp
    6    | exp . CMPOP2 exp
    7    | exp . ADDOP2 exp
    8    | exp . MULOP2 exp

    '&'     shift, and go to state 12
    EQUOP2  shift, and go to state 13
    CMPOP2  shift, and go to state 14
    ADDOP2  shift, and go to state 15
    MULOP2  shift, and go to state 16

    $default  reduce using rule 3 (exp)


State 20

    2 exp: exp . '?' exp ':' exp
    3    | exp . '|' exp
    4    | exp . '&' exp
    4    | exp '&' exp .
    5    | exp . EQUOP2 exp
    6    | exp . CMPOP2 exp
    7    | exp . ADDOP2 exp
    8    | exp . MULOP2 exp

    EQUOP2  shift, and go to state 13
    CMPOP2  shift, and go to state 14
    ADDOP2  shift, and go to state 15
    MULOP2  shift, and go to state 16

    $default  reduce using rule 4 (exp)


State 21

    2 exp: exp . '?' exp ':' exp
    3    | exp . '|' exp
    4    | exp . '&' exp
    5    | exp . EQUOP2 exp
    5    | exp EQUOP2 exp .
    6    | exp . CMPOP2 exp
    7    | exp . ADDOP2 exp
    8    | exp . MULOP2 exp

    CMPOP2  shift, and go to state 14
    ADDOP2  shift, and go to state 15
    MULOP2  shift, and go to state 16

    $default  reduce using rule 5 (exp)


State 22

    2 exp: exp . '?' exp ':' exp
    3    | exp . '|' exp
    4    | exp . '&' exp
    5    | exp . EQUOP2 exp
    6    | exp . CMPOP2 exp
    6    | exp CMPOP2 exp .
    7    | exp . ADDOP2 exp
    8    | exp . MULOP2 exp

    ADDOP2  shift, and go to state 15
    MULOP2  shift, and go to state 16

    $default  reduce using rule 6 (exp)


State 23

    2 exp: exp . '?' exp ':' exp
    3    | exp . '|' exp
    4    | exp . '&' exp
    5    | exp . EQUOP2 exp
    6    | exp . CMPOP2 exp
    7    | exp . ADDOP2 exp
    7    | exp ADDOP2 exp .
    8    | exp . MULOP2 exp

    MULOP2  shift, and go to state 16

    $default  reduce using rule 7 (exp)


State 24

    2 exp: exp . '?' exp ':' exp
    3    | exp . '|' exp
    4    | exp . '&' exp
    5    | exp . EQUOP2 exp
    6    | exp . CMPOP2 exp
    7    | exp . ADDOP2 exp
    8    | exp . MULOP2 exp
    8    | exp MULOP2 exp .

    $default  reduce using rule 8 (exp)


State 25

    2 exp: exp '?' exp ':' . exp

    '!'     shift, and go to state 1
    NUMBER  shift, and go to state 2
    'n'     shift, and go to state 3
    '('     shift, and go to state 4

    exp  go to state 26


State 26

    2 exp: exp . '?' exp ':' exp
    2    | exp '?' exp ':' exp .
    3    | exp . '|' exp
    4    | exp . '&' exp
    5    | exp . EQUOP2 exp
    6    | exp . CMPOP2 exp
    7    | exp . ADDOP2 exp
    8    | exp . MULOP2 exp

    '?'     shift, and go to state 10
    '|'     shift, and go to state 11
    '&'     shift, and go to state 12
    EQUOP2  shift, and go to state 13
    CMPOP2  shift, and go to state 14
    ADDOP2  shift, and go to state 15
    MULOP2  shift, and go to state 16

    '?'       [reduce using rule 2 (exp)]
    '|'       [reduce using rule 2 (exp)]
    '&'       [reduce using rule 2 (exp)]
    EQUOP2    [reduce using rule 2 (exp)]
    CMPOP2    [reduce using rule 2 (exp)]
    ADDOP2    [reduce using rule 2 (exp)]
    MULOP2    [reduce using rule 2 (exp)]
    $default  reduce using rule 2 (exp)
